<?xml version="1.0" encoding="UTF-8"?>
<testsuite name="JUnit Vintage" tests="27" skipped="0" failures="0" errors="0" time="0.049" hostname="Valeri-pc" timestamp="2017-09-04T22:42:59">
<properties>
[...]
</properties>
<testcase name="compareToBigger" classname="card.BeloteCardTest" time="0.002">
<system-out><![CDATA[
unique-id: [engine:junit-vintage]/[runner:card.BeloteCardTest]/[test:compareToBigger(card.BeloteCardTest)]
display-name: compareToBigger
]]></system-out>
</testcase>
<testcase name="compareToEqual" classname="card.BeloteCardTest" time="0">
<system-out><![CDATA[
unique-id: [engine:junit-vintage]/[runner:card.BeloteCardTest]/[test:compareToEqual(card.BeloteCardTest)]
display-name: compareToEqual
]]></system-out>
</testcase>
<testcase name="compareToSmaller" classname="card.BeloteCardTest" time="0">
<system-out><![CDATA[
unique-id: [engine:junit-vintage]/[runner:card.BeloteCardTest]/[test:compareToSmaller(card.BeloteCardTest)]
display-name: compareToSmaller
]]></system-out>
</testcase>
<testcase name="getNormalCardNotNull" classname="card.CardTest" time="0">
<system-out><![CDATA[
unique-id: [engine:junit-vintage]/[runner:card.CardTest]/[test:getNormalCardNotNull(card.CardTest)]
display-name: getNormalCardNotNull
]]></system-out>
</testcase>
<testcase name="getBeloteCardNotNull" classname="card.CardTest" time="0">
<system-out><![CDATA[
unique-id: [engine:junit-vintage]/[runner:card.CardTest]/[test:getBeloteCardNotNull(card.CardTest)]
display-name: getBeloteCardNotNull
]]></system-out>
</testcase>
<testcase name="dealCardsCorrectNumberOfCards" classname="card.DeckTest" time="0">
<system-out><![CDATA[
unique-id: [engine:junit-vintage]/[runner:card.DeckTest]/[test:dealCardsCorrectNumberOfCards(card.DeckTest)]
display-name: dealCardsCorrectNumberOfCards
]]></system-out>
</testcase>
<testcase name="dealCardsNotNull" classname="card.DeckTest" time="0.001">
<system-out><![CDATA[
unique-id: [engine:junit-vintage]/[runner:card.DeckTest]/[test:dealCardsNotNull(card.DeckTest)]
display-name: dealCardsNotNull
]]></system-out>
</testcase>
<testcase name="getBidExpected" classname="game.GameTest" time="0.008">
<system-out><![CDATA[
unique-id: [engine:junit-vintage]/[runner:game.GameTest]/[test:getBidExpected(game.GameTest)]
display-name: getBidExpected
]]></system-out>
</testcase>
<testcase name="getBidNotNull" classname="game.GameTest" time="0.002">
<system-out><![CDATA[
unique-id: [engine:junit-vintage]/[runner:game.GameTest]/[test:getBidNotNull(game.GameTest)]
display-name: getBidNotNull
]]></system-out>
</testcase>
<testcase name="playNotNull" classname="game.GameTest" time="0.006">
<system-out><![CDATA[
unique-id: [engine:junit-vintage]/[runner:game.GameTest]/[test:playNotNull(game.GameTest)]
display-name: playNotNull
]]></system-out>
</testcase>
<testcase name="getPlayerToBid" classname="game.RoundTest" time="0">
<system-out><![CDATA[
unique-id: [engine:junit-vintage]/[runner:game.RoundTest]/[test:getPlayerToBid(game.RoundTest)]
display-name: getPlayerToBid
]]></system-out>
</testcase>
<testcase name="play" classname="game.RoundTest" time="0.001">
<system-out><![CDATA[
unique-id: [engine:junit-vintage]/[runner:game.RoundTest]/[test:play(game.RoundTest)]
display-name: play
]]></system-out>
</testcase>
<testcase name="playNotNull" classname="game.RoundTest" time="0">
<system-out><![CDATA[
unique-id: [engine:junit-vintage]/[runner:game.RoundTest]/[test:playNotNull(game.RoundTest)]
display-name: playNotNull
]]></system-out>
</testcase>
<testcase name="getPlayerToBidReverse" classname="game.RoundTest" time="0.001">
<system-out><![CDATA[
unique-id: [engine:junit-vintage]/[runner:game.RoundTest]/[test:getPlayerToBidReverse(game.RoundTest)]
display-name: getPlayerToBidReverse
]]></system-out>
</testcase>
<testcase name="getCardNotNull" classname="player.GameTypeTest" time="0">
<system-out><![CDATA[
unique-id: [engine:junit-vintage]/[runner:player.GameTypeTest]/[test:getCardNotNull(player.GameTypeTest)]
display-name: getCardNotNull
]]></system-out>
</testcase>
<testcase name="getBeloteCard" classname="player.GameTypeTest" time="0">
<system-out><![CDATA[
unique-id: [engine:junit-vintage]/[runner:player.GameTypeTest]/[test:getBeloteCard(player.GameTypeTest)]
display-name: getBeloteCard
]]></system-out>
</testcase>
<testcase name="sumHand" classname="player.HandTypeTest" time="0">
<system-out><![CDATA[
unique-id: [engine:junit-vintage]/[runner:player.HandTypeTest]/[test:sumHand(player.HandTypeTest)]
display-name: sumHand
]]></system-out>
</testcase>
<testcase name="getHand" classname="player.HandTypeTest" time="0">
<system-out><![CDATA[
unique-id: [engine:junit-vintage]/[runner:player.HandTypeTest]/[test:getHand(player.HandTypeTest)]
display-name: getHand
]]></system-out>
</testcase>
<testcase name="getHandNotNull" classname="player.HandTypeTest" time="0">
<system-out><![CDATA[
unique-id: [engine:junit-vintage]/[runner:player.HandTypeTest]/[test:getHandNotNull(player.HandTypeTest)]
display-name: getHandNotNull
]]></system-out>
</testcase>
<testcase name="playCardNotNull" classname="player.playerType.ComputerPlayerTest" time="0">
<system-out><![CDATA[
unique-id: [engine:junit-vintage]/[runner:player.playerType.ComputerPlayerTest]/[test:playCardNotNull(player.playerType.ComputerPlayerTest)]
display-name: playCardNotNull
]]></system-out>
</testcase>
<testcase name="callDeclarationNotNull" classname="player.playerType.ComputerPlayerTest" time="0.001">
<system-out><![CDATA[
unique-id: [engine:junit-vintage]/[runner:player.playerType.ComputerPlayerTest]/[test:callDeclarationNotNull(player.playerType.ComputerPlayerTest)]
display-name: callDeclarationNotNull
]]></system-out>
</testcase>
<testcase name="playCardForSuit" classname="player.playerType.ComputerPlayerTest" time="0">
<system-out><![CDATA[
unique-id: [engine:junit-vintage]/[runner:player.playerType.ComputerPlayerTest]/[test:playCardForSuit(player.playerType.ComputerPlayerTest)]
display-name: playCardForSuit
]]></system-out>
</testcase>
<testcase name="callBidNotNull" classname="player.playerType.ComputerPlayerTest" time="0">
<system-out><![CDATA[
unique-id: [engine:junit-vintage]/[runner:player.playerType.ComputerPlayerTest]/[test:callBidNotNull(player.playerType.ComputerPlayerTest)]
display-name: callBidNotNull
]]></system-out>
</testcase>
<testcase name="callDeclaration" classname="player.playerType.ComputerPlayerTest" time="0.001">
<system-out><![CDATA[
unique-id: [engine:junit-vintage]/[runner:player.playerType.ComputerPlayerTest]/[test:callDeclaration(player.playerType.ComputerPlayerTest)]
display-name: callDeclaration
]]></system-out>
</testcase>
<testcase name="callBid" classname="player.playerType.ComputerPlayerTest" time="0">
<system-out><![CDATA[
unique-id: [engine:junit-vintage]/[runner:player.playerType.ComputerPlayerTest]/[test:callBid(player.playerType.ComputerPlayerTest)]
display-name: callBid
]]></system-out>
</testcase>
<testcase name="playCardForNoTrump" classname="player.playerType.ComputerPlayerTest" time="0">
<system-out><![CDATA[
unique-id: [engine:junit-vintage]/[runner:player.playerType.ComputerPlayerTest]/[test:playCardForNoTrump(player.playerType.ComputerPlayerTest)]
display-name: playCardForNoTrump
]]></system-out>
</testcase>
<testcase name="playCardForAllTrump" classname="player.playerType.ComputerPlayerTest" time="0">
<system-out><![CDATA[
unique-id: [engine:junit-vintage]/[runner:player.playerType.ComputerPlayerTest]/[test:playCardForAllTrump(player.playerType.ComputerPlayerTest)]
display-name: playCardForAllTrump
]]></system-out>
</testcase>
<system-out><![CDATA[
unique-id: [engine:junit-vintage]
display-name: JUnit Vintage
]]></system-out>
</testsuite>
